#
# There is insufficient memory for the Java Runtime Environment to continue.
# Native memory allocation (malloc) failed to allocate 1048576 bytes for AllocateHeap
# Possible reasons:
#   The system is out of physical RAM or swap space
#   In 32 bit mode, the process size limit was hit
# Possible solutions:
#   Reduce memory load on the system
#   Increase physical memory or swap space
#   Check if swap backing store is full
#   Use 64 bit Java on a 64 bit OS
#   Decrease Java heap size (-Xmx/-Xms)
#   Decrease number of Java threads
#   Decrease Java thread stack sizes (-Xss)
#   Set larger code cache with -XX:ReservedCodeCacheSize=
# This output file may be truncated or incomplete.
#
#  Out of Memory Error (memory/allocation.inline.hpp:61), pid=20524, tid=0x0000000000004f88
#
# JRE version:  (8.0_181-b13) (build )
# Java VM: Java HotSpot(TM) 64-Bit Server VM (25.181-b13 mixed mode windows-amd64 compressed oops)
# Failed to write core dump. Minidumps are not enabled by default on client versions of Windows
#

---------------  T H R E A D  ---------------

Current thread (0x0000000000cbe800):  JavaThread "Unknown thread" [_thread_in_vm, id=20360, stack(0x00000000024c0000,0x00000000025c0000)]

Stack: [0x00000000024c0000,0x00000000025c0000]
[error occurred during error reporting (printing stack bounds), id 0xc0000005]

Native frames: (J=compiled Java code, j=interpreted, Vv=VM code, C=native code)


---------------  P R O C E S S  ---------------

Java Threads: ( => current thread )

Other Threads:

=>0x0000000000cbe800 (exited) JavaThread "Unknown thread" [_thread_in_vm, id=20360, stack(0x00000000024c0000,0x00000000025c0000)]

VM state:not at safepoint (normal execution)

VM Mutex/Monitor currently owned by a thread: None

Heap:
 PSYoungGen      total 18432K, used 317K [0x00000000ebb80000, 0x00000000ed000000, 0x0000000100000000)
  eden space 15872K, 2% used [0x00000000ebb80000,0x00000000ebbcf5d0,0x00000000ecb00000)
  from space 2560K, 0% used [0x00000000ecd80000,0x00000000ecd80000,0x00000000ed000000)
  to   space 2560K, 0% used [0x00000000ecb00000,0x00000000ecb00000,0x00000000ecd80000)
 ParOldGen       total 42496K, used 0K [0x00000000c3200000, 0x00000000c5b80000, 0x00000000ebb80000)
  object space 42496K, 0% used [0x00000000c3200000,0x00000000c3200000,0x00000000c5b80000)
 Metaspace       used 775K, capacity 4480K, committed 4480K, reserved 1056768K
  class space    used 76K, capacity 384K, committed 384K, reserved 1048576K

Card table byte_map: [0x0000000011a80000,0x0000000011c70000] byte_map_base: 0x0000000011467000

Marking Bits: (ParMarkBitMap*) 0x00000000611c2d00
 Begin Bits: [0x00000000121c0000, 0x00000000130f8000)
 End Bits:   [0x00000000130f8000, 0x0000000014030000)

Polling page: 0x0000000000ce0000

CodeCache: size=245760Kb used=328Kb max_used=328Kb free=245431Kb
 bounds [0x00000000026c0000, 0x0000000002930000, 0x00000000116c0000]
 total_blobs=58 nmethods=0 adapters=38
 compilation: enabled

Compilation events (0 events):
No events

GC Heap History (0 events):
No events

Deoptimization events (0 events):
No events

Classes redefined (0 events):
No events

Internal exceptions (0 events):
No events

Events (10 events):
Event: 0.022 loading class java/lang/Short
Event: 0.022 loading class java/lang/Short done
Event: 0.022 loading class java/lang/Integer
Event: 0.022 loading class java/lang/Integer done
Event: 0.022 loading class java/lang/Long
Event: 0.022 loading class java/lang/Long done
Event: 0.022 loading class java/lang/NullPointerException
Event: 0.022 loading class java/lang/NullPointerException done
Event: 0.022 loading class java/lang/ArithmeticException
Event: 0.022 loading class java/lang/ArithmeticException done


Dynamic libraries:
0x00007ff649b60000 - 0x00007ff649b97000 	C:\Program Files\Java\jdk1.8.0_181\bin\java.exe
0x00007fff3ae20000 - 0x00007fff3b029000 	C:\WINDOWS\SYSTEM32\ntdll.dll
0x00007fff39900000 - 0x00007fff399bd000 	C:\WINDOWS\System32\KERNEL32.DLL
0x00007fff38340000 - 0x00007fff386b4000 	C:\WINDOWS\System32\KERNELBASE.dll
0x00007fff3a2b0000 - 0x00007fff3a35e000 	C:\WINDOWS\System32\ADVAPI32.dll
0x00007fff3a6c0000 - 0x00007fff3a763000 	C:\WINDOWS\System32\msvcrt.dll
0x00007fff3a040000 - 0x00007fff3a0de000 	C:\WINDOWS\System32\sechost.dll
0x00007fff3acc0000 - 0x00007fff3ade0000 	C:\WINDOWS\System32\RPCRT4.dll
0x00007fff39720000 - 0x00007fff398cc000 	C:\WINDOWS\System32\USER32.dll
0x00007fff38310000 - 0x00007fff38336000 	C:\WINDOWS\System32\win32u.dll
0x00007fff398d0000 - 0x00007fff398f9000 	C:\WINDOWS\System32\GDI32.dll
0x00007fff38ba0000 - 0x00007fff38cb2000 	C:\WINDOWS\System32\gdi32full.dll
0x00007fff38b00000 - 0x00007fff38b9d000 	C:\WINDOWS\System32\msvcp_win.dll
0x00007fff386c0000 - 0x00007fff387d1000 	C:\WINDOWS\System32\ucrtbase.dll
0x00007fff28ef0000 - 0x00007fff29195000 	C:\WINDOWS\WinSxS\amd64_microsoft.windows.common-controls_6595b64144ccf1df_6.0.22000.120_none_9d947278b86cc467\COMCTL32.dll
0x00007fff38d20000 - 0x00007fff38d51000 	C:\WINDOWS\System32\IMM32.DLL
0x0000000061850000 - 0x0000000061922000 	C:\Program Files\Java\jdk1.8.0_181\jre\bin\msvcr100.dll
0x00000000609a0000 - 0x0000000061242000 	C:\Program Files\Java\jdk1.8.0_181\jre\bin\server\jvm.dll
0x00007fff3a2a0000 - 0x00007fff3a2a8000 	C:\WINDOWS\System32\PSAPI.DLL
0x00007fff32970000 - 0x00007fff3297a000 	C:\WINDOWS\SYSTEM32\VERSION.dll
0x00007fff1aa20000 - 0x00007fff1aa29000 	C:\WINDOWS\SYSTEM32\WSOCK32.dll
0x00007fff32d10000 - 0x00007fff32d43000 	C:\WINDOWS\SYSTEM32\WINMM.dll
0x00007fff399c0000 - 0x00007fff39a2f000 	C:\WINDOWS\System32\WS2_32.dll
0x0000000061800000 - 0x000000006180f000 	C:\Program Files\Java\jdk1.8.0_181\jre\bin\verify.dll
0x00000000617d0000 - 0x00000000617f9000 	C:\Program Files\Java\jdk1.8.0_181\jre\bin\java.dll
0x00000000617b0000 - 0x00000000617c6000 	C:\Program Files\Java\jdk1.8.0_181\jre\bin\zip.dll

VM Arguments:
jvm_args: -Dfile.encoding=UTF-8 
java_command: btql.FrmLogin
java_class_path (initial): C:\Program Files (x86)\MySQL\Connector J 8.0\mysql-connector-java-8.0.28.jar;D:\BTQL\build\classes
Launcher Type: SUN_STANDARD

Environment Variables:
PATH=C:\Program Files (x86)\Common Files\Oracle\Java\javapath;C:\WINDOWS\system32;C:\WINDOWS;C:\WINDOWS\System32\Wbem;C:\WINDOWS\System32\WindowsPowerShell\v1.0\;C:\WINDOWS\System32\OpenSSH\;C:\Program Files\Microsoft SQL Server\Client SDK\ODBC\170\Tools\Binn\;C:\Program Files (x86)\Microsoft SQL Server\150\Tools\Binn\;C:\Program Files\Microsoft SQL Server\150\Tools\Binn\;C:\Program Files\Microsoft SQL Server\150\DTS\Binn\;C:\Program Files (x86)\Microsoft SQL Server\150\DTS\Binn\;C:\Program Files\Azure Data Studio\bin;C:\Program Files\dotnet\;C:\Program Files\Microsoft SQL Server\130\Tools\Binn\;C:\Users\Computer\AppData\Local\Microsoft\WindowsApps;;C:\Program Files\Azure Data Studio\bin;C:\Users\Computer\AppData\Local\Programs\Microsoft VS Code\bin;C:\Users\Computer\.dotnet\tools
USERNAME=Computer
OS=Windows_NT
PROCESSOR_IDENTIFIER=Intel64 Family 6 Model 126 Stepping 5, GenuineIntel



---------------  S Y S T E M  ---------------

OS: Windows 10.0 , 64 bit Build 22000 (10.0.22000.613)

CPU:total 4 (initial active 4) (2 cores per cpu, 2 threads per core) family 6 model 126 stepping 5, cmov, cx8, fxsr, mmx, sse, sse2, sse3, ssse3, sse4.1, sse4.2, popcnt, avx, avx2, aes, clmul, erms, 3dnowpref, lzcnt, ht, tsc, tscinvbit, bmi1, bmi2, adx

Memory: 4k page, physical 3984632k(315576k free), swap 8178936k(5256k free)

vm_info: Java HotSpot(TM) 64-Bit Server VM (25.181-b13) for windows-amd64 JRE (1.8.0_181-b13), built on Jul  7 2018 04:01:33 by "java_re" with MS VC++ 10.0 (VS2010)

time: Sun Apr 17 00:02:05 2022
elapsed time: 0 seconds (0d 0h 0m 0s)

